/*C488*/SET SCHEMA PUBLIC
DISCONNECT
/*C489*/SET SCHEMA PUBLIC
DISCONNECT
/*C490*/SET SCHEMA PUBLIC
DISCONNECT
/*C491*/SET SCHEMA PUBLIC
DELETE FROM SOCIOS WHERE NUMEROSOCIO=729
INSERT INTO SOCIOS VALUES(729,'braianPRUEBA','azcunePRUEBA','sebastianPRUEBA@hotmail.com','111111111','111111111','martin rodriguezPRUEBA','2020-02-24',2)
COMMIT
DISCONNECT
/*C492*/SET SCHEMA PUBLIC
DELETE FROM SOCIOSXDEPORTE WHERE ID_SOCIO=729 AND ID_DEPORTE=0
DELETE FROM SOCIOSXDEPORTE WHERE ID_SOCIO=729 AND ID_DEPORTE=1
DELETE FROM SOCIOSXDEPORTE WHERE ID_SOCIO=729 AND ID_DEPORTE=2
DELETE FROM SOCIOSXDEPORTE WHERE ID_SOCIO=729 AND ID_DEPORTE=3
COMMIT
DISCONNECT
/*C493*/SET SCHEMA PUBLIC
INSERT INTO SOCIOSXDEPORTE VALUES(729,0)
INSERT INTO SOCIOSXDEPORTE VALUES(729,1)
INSERT INTO SOCIOSXDEPORTE VALUES(729,2)
INSERT INTO SOCIOSXDEPORTE VALUES(729,3)
COMMIT
DISCONNECT
/*C494*/SET SCHEMA PUBLIC
DISCONNECT
/*C495*/SET SCHEMA PUBLIC
DISCONNECT
/*C496*/SET SCHEMA PUBLIC
DISCONNECT
/*C497*/SET SCHEMA PUBLIC
DELETE FROM SOCIOS WHERE NUMEROSOCIO=729
INSERT INTO SOCIOS VALUES(729,'braianPRUEBA','azcunePRUEBA','sebastianPRUEBA@hotmail.com','111111111','111111111','martin rodriguezPRUEBA','2020-02-24',2)
COMMIT
DISCONNECT
/*C498*/SET SCHEMA PUBLIC
DELETE FROM SOCIOSXDEPORTE WHERE ID_SOCIO=729 AND ID_DEPORTE=0
DELETE FROM SOCIOSXDEPORTE WHERE ID_SOCIO=729 AND ID_DEPORTE=1
DELETE FROM SOCIOSXDEPORTE WHERE ID_SOCIO=729 AND ID_DEPORTE=2
DELETE FROM SOCIOSXDEPORTE WHERE ID_SOCIO=729 AND ID_DEPORTE=3
COMMIT
DISCONNECT
/*C499*/SET SCHEMA PUBLIC
INSERT INTO SOCIOSXDEPORTE VALUES(729,0)
INSERT INTO SOCIOSXDEPORTE VALUES(729,1)
INSERT INTO SOCIOSXDEPORTE VALUES(729,2)
INSERT INTO SOCIOSXDEPORTE VALUES(729,3)
COMMIT
DISCONNECT
